<?xml version="1.0" encoding="UTF-8"?>
<testsuite name="not.User1Test" tests="1" skipped="0" failures="0" errors="0" timestamp="2023-03-23T07:18:11" hostname="monayo.local" time="0.029">
  <properties/>
  <testcase name="test1()" classname="not.User1Test" time="0.029"/>
  <system-out><![CDATA[isp.OPS.op1()
isp.OPS.op2()
isp.OPS.op3()
]]></system-out>
  <system-err><![CDATA[]]></system-err>
</testsuite>
