<?xml version="1.0" encoding="UTF-8"?>
<testsuite name="isp.User3Test" tests="1" skipped="0" failures="0" errors="0" timestamp="2023-03-23T07:13:44" hostname="monayo.local" time="0.026">
  <properties/>
  <testcase name="test()" classname="isp.User3Test" time="0.026"/>
  <system-out><![CDATA[isp.OPS.op3()
]]></system-out>
  <system-err><![CDATA[]]></system-err>
</testsuite>
