<?xml version="1.0" encoding="UTF-8"?>
<testsuite name="BillingTest" tests="1" skipped="0" failures="0" errors="0" timestamp="2023-03-23T05:19:32" hostname="monayo.local" time="0.017">
  <properties/>
  <testcase name="BusinessLicense 동작 확인" classname="BillingTest" time="0.017"/>
  <system-out><![CDATA[BusinessLicense.calcFee()
]]></system-out>
  <system-err><![CDATA[]]></system-err>
</testsuite>
